Virtual User Script started at: 20-06-2019 12:03:28
Starting action vuser_init.
Web Turbo Replay of LoadRunner 12.60.0 for Windows 10; build 971 (Aug 09 2018 11:27:13)  	[MsgId: MMSG-26983]
Run mode: HTML  	[MsgId: MMSG-26993]
Replay user agent: Mozilla/5.0 (Windows NT 10.0; WOW64; Trident/7.0; rv:11.0) like Gecko  	[MsgId: MMSG-26988]
Runtime Settings file: "C:\Users\THI1512199\Documents\VuGen\Scripts\TesthouseWebsite\\default.cfg"  	[MsgId: MMSG-27141]
Ending action vuser_init.
Running Vuser...
Starting iteration 1.
Maximum number of concurrent connections per server: 6  	[MsgId: MMSG-26989]
Starting action Action.
Action.c(4): web_set_sockets_option started  	[MsgId: MMSG-26355]
Action.c(4): web_set_sockets_option was successful  	[MsgId: MMSG-26392]
Action.c(6): web_set_sockets_option started  	[MsgId: MMSG-26355]
Action.c(6): web_set_sockets_option was successful  	[MsgId: MMSG-26392]
Action.c(10): web_add_header("A-IM") started  	[MsgId: MMSG-26355]
Action.c(10): web_add_header("A-IM") was successful  	[MsgId: MMSG-26392]
Action.c(13): web_add_cookie started  	[MsgId: MMSG-26355]
Action.c(13): web_add_cookie was successful  	[MsgId: MMSG-26392]
Action.c(15): web_add_header("Upgrade-Insecure-Requests") started  	[MsgId: MMSG-26355]
Action.c(15): web_add_header("Upgrade-Insecure-Requests") was successful  	[MsgId: MMSG-26392]
Action.c(18): web_url("www.testhouse.net") started  	[MsgId: MMSG-26355]
Action.c(18): Downloading resource "https://www.testhouse.net/ast/plugins/cookie-law-info/public/js/cookie-law-info-public.js?ver=1.7.3" (specified by argument number 9)  	[MsgId: MMSG-26577]
Action.c(18): Downloading resource "https://www.testhouse.net/ast/plugins/simple-social-buttons/assets/js/front.js?ver=2.0.20" (specified by argument number 11)  	[MsgId: MMSG-26577]
Action.c(18): Downloading resource "https://www.testhouse.net/ast/plugins/google-calendar-events/assets/js/default-calendar.min.js?ver=3.1.20" (specified by argument number 13)  	[MsgId: MMSG-26577]
Action.c(18): Downloading resource "https://www.testhouse.net/ast/plugins/jetpack/_inc/build/lazy-images/js/lazy-images.min.js?ver=6.9" (specified by argument number 15)  	[MsgId: MMSG-26577]
Action.c(18): Downloading resource "https://www.testhouse.net/ast/plugins/google-calendar-events/assets/js/vendor/imagesloaded.pkgd.min.js?ver=3.1.20" (specified by argument number 17)  	[MsgId: MMSG-26577]
Action.c(18): Downloading resource "https://fonts.gstatic.com/s/raleway/v12/1Ptug8zYS_SKggPNyC0ITw.woff2" (specified by argument number 19)  	[MsgId: MMSG-26577]
Action.c(18): Downloading resource "https://www.testhouse.net/ast/plugins/js_composer/assets/js/dist/js_composer_front.min.js?ver=5.1" (specified by argument number 22)  	[MsgId: MMSG-26577]
Action.c(18): Downloading resource "https://www.testhouse.net/wp-includes/js/wp-embed.min.js?ver=5.0.3" (specified by argument number 24)  	[MsgId: MMSG-26577]
Action.c(18): Downloading resource "https://www.testhouse.net/ast/themes/testhouse/images/video-img.jpg" (specified by argument number 26)  	[MsgId: MMSG-26577]
Action.c(18): Downloading resource "https://fonts.gstatic.com/s/raleway/v12/1Ptrg8zYS_SKggPNwPIsWqZPAA.woff2" (specified by argument number 28)  	[MsgId: MMSG-26577]
Action.c(18): Downloading resource "https://fonts.gstatic.com/s/lato/v14/S6uyw4BMUTPHjx4wXg.woff2" (specified by argument number 31)  	[MsgId: MMSG-26577]
Action.c(18): Downloading resource "https://fonts.gstatic.com/s/lato/v14/S6u9w4BMUTPHh6UVSwiPGQ.woff2" (specified by argument number 34)  	[MsgId: MMSG-26577]
Action.c(18): Downloading resource "https://fonts.gstatic.com/s/lato/v14/S6u9w4BMUTPHh7USSwiPGQ.woff2" (specified by argument number 37)  	[MsgId: MMSG-26577]
Action.c(18): Downloading resource "https://fonts.gstatic.com/s/lato/v14/S6u9w4BMUTPHh50XSwiPGQ.woff2" (specified by argument number 40)  	[MsgId: MMSG-26577]
Action.c(18): Downloading resource "https://fonts.gstatic.com/s/raleway/v12/1Ptrg8zYS_SKggPNwJYtWqZPAA.woff2" (specified by argument number 43)  	[MsgId: MMSG-26577]
Action.c(18): Downloading resource "https://www.testhouse.net/ast/themes/testhouse/images/preloader.svg" (specified by argument number 46)  	[MsgId: MMSG-26577]
Action.c(18): Downloading resource "https://secure.gravatar.com/dist/css/hovercard.min.css?ver=2019Janaa" (specified by argument number 49)  	[MsgId: MMSG-26577]
Action.c(18): Downloading resource "https://www.testhouse.net/ast/themes/testhouse/fonts/fontawesome-webfont.woff2?v=4.7.0" (specified by argument number 51)  	[MsgId: MMSG-26577]
Action.c(18): Downloading resource "https://secure.gravatar.com/dist/css/services.min.css?ver=2019Janaa" (specified by argument number 54)  	[MsgId: MMSG-26577]
Action.c(18): Downloading resource "https://www.testhouse.net/wp-includes/js/wp-emoji-release.min.js?ver=5.0.3" (specified by argument number 56)  	[MsgId: MMSG-26577]
Action.c(18): Downloading resource "https://www.testhouse.net/ast/themes/testhouse/images/btn-arrow.png" (specified by argument number 58)  	[MsgId: MMSG-26577]
Action.c(18): Downloading resource "https://www.testhouse.net/ast/themes/testhouse/images/submit-arrow.png" (specified by argument number 61)  	[MsgId: MMSG-26577]
Action.c(18): Downloading resource "https://www.testhouse.net/ast/themes/testhouse/images/phone-icon.png" (specified by argument number 64)  	[MsgId: MMSG-26577]
Action.c(18): Downloading resource "https://www.testhouse.net/ast/themes/testhouse/images/location-icon.png" (specified by argument number 67)  	[MsgId: MMSG-26577]
Action.c(18): Downloading resource "https://www.testhouse.net/ast/themes/testhouse/images/envelop-icon.png" (specified by argument number 70)  	[MsgId: MMSG-26577]
Action.c(18): Downloading resource "https://stats.wp.com/e-201903.js" (specified by argument number 73)  	[MsgId: MMSG-26577]
Action.c(18): Downloading resource "https://www.testhouse.net/ast/plugins/contact-form-7/images/ajax-loader.gif" (specified by argument number 75)  	[MsgId: MMSG-26577]
Action.c(18): Found resource "https://www.testhouse.net/wp-includes/css/dist/block-library/style.min.css?ver=5.2.2" in HTML "https://www.testhouse.net/"  	[MsgId: MMSG-26659]
Action.c(18): Found resource "https://www.testhouse.net/ast/plugins/contact-form-7/includes/css/styles.css?ver=5.1.3" in HTML "https://www.testhouse.net/"  	[MsgId: MMSG-26659]
Action.c(18): Found resource "https://www.testhouse.net/ast/plugins/cookie-law-info/public/css/cookie-law-info-public.css?ver=1.7.7" in HTML "https://www.testhouse.net/"  	[MsgId: MMSG-26659]
Action.c(18): Found resource "https://www.testhouse.net/ast/plugins/cookie-law-info/public/css/cookie-law-info-gdpr.css?ver=1.7.7" in HTML "https://www.testhouse.net/"  	[MsgId: MMSG-26659]
Action.c(18): Found resource "https://www.testhouse.net/ast/plugins/simple-social-buttons/assets/css/front.css?ver=2.1.1" in HTML "https://www.testhouse.net/"  	[MsgId: MMSG-26659]
Action.c(18): Found resource "https://www.testhouse.net/ast/plugins/wp-pagenavi/pagenavi-css.css?ver=2.70" in HTML "https://www.testhouse.net/"  	[MsgId: MMSG-26659]
Action.c(18): Found resource "https://fonts.googleapis.com/css?family=Merriweather%3A400%2C700%2C900%2C400italic%2C700italic%2C900italic%7CMontserrat%3A400%2C700%7CInconsolata%3A400&subset=latin%2Clatin-ext" in HTML "https://www.testhouse.net/"  	[MsgId: MMSG-26659]
Action.c(18): Found resource "https://www.testhouse.net/ast/plugins/jetpack/_inc/genericons/genericons/genericons.css?ver=3.1" in HTML "https://www.testhouse.net/"  	[MsgId: MMSG-26659]
Action.c(18): Found resource "https://www.testhouse.net/ast/themes/testhouse/style.css?ver=5.2.2" in HTML "https://www.testhouse.net/"  	[MsgId: MMSG-26659]
Action.c(18): Found resource "https://fonts.googleapis.com/css?family=Raleway%3A300%2C400%2C500%2C600%2C700%2C800%2C900&ver=20160816" in HTML "https://www.testhouse.net/"  	[MsgId: MMSG-26659]
Action.c(18): Found resource "https://fonts.googleapis.com/css?family=Lato%3A300%2C400%2C700%2C900&ver=20160816" in HTML "https://www.testhouse.net/"  	[MsgId: MMSG-26659]
Action.c(18): Found resource "https://www.testhouse.net/ast/themes/testhouse/css/font-awesome.css?ver=20160816" in HTML "https://www.testhouse.net/"  	[MsgId: MMSG-26659]
Action.c(18): Found resource "https://www.testhouse.net/ast/themes/testhouse/css/animate.css?ver=20160816" in HTML "https://www.testhouse.net/"  	[MsgId: MMSG-26659]
Action.c(18): Found resource "https://www.testhouse.net/ast/themes/testhouse/css/slick-theme.css?ver=20160816" in HTML "https://www.testhouse.net/"  	[MsgId: MMSG-26659]
Action.c(18): Found resource "https://www.testhouse.net/ast/themes/testhouse/css/slick.css?ver=20160816" in HTML "https://www.testhouse.net/"  	[MsgId: MMSG-26659]
Action.c(18): Found resource "https://www.testhouse.net/ast/themes/testhouse/css/jquery.fancybox.css?ver=20160816" in HTML "https://www.testhouse.net/"  	[MsgId: MMSG-26659]
Action.c(18): Found resource "https://www.testhouse.net/ast/themes/testhouse/css/bootstrap.css?ver=20160816" in HTML "https://www.testhouse.net/"  	[MsgId: MMSG-26659]
Action.c(18): Found resource "https://www.testhouse.net/ast/themes/testhouse/css/styles.css?ver=20160816" in HTML "https://www.testhouse.net/"  	[MsgId: MMSG-26659]
Action.c(18): Found resource "https://www.testhouse.net/ast/themes/testhouse/css/custom.css?ver=20160816" in HTML "https://www.testhouse.net/"  	[MsgId: MMSG-26659]
Action.c(18): Found resource "https://www.testhouse.net/ast/themes/testhouse/css/media-responsive.css?ver=20160816" in HTML "https://www.testhouse.net/"  	[MsgId: MMSG-26659]
Action.c(18): Found resource "https://www.testhouse.net/ast/plugins/google-calendar-events/assets/css/vendor/jquery.qtip.min.css?ver=3.1.22" in HTML "https://www.testhouse.net/"  	[MsgId: MMSG-26659]
Action.c(18): Found resource "https://www.testhouse.net/ast/plugins/google-calendar-events/assets/css/default-calendar-grid.min.css?ver=3.1.22" in HTML "https://www.testhouse.net/"  	[MsgId: MMSG-26659]
Action.c(18): Found resource "https://www.testhouse.net/ast/plugins/google-calendar-events/assets/css/default-calendar-list.min.css?ver=3.1.22" in HTML "https://www.testhouse.net/"  	[MsgId: MMSG-26659]
Action.c(18): Found resource "https://www.testhouse.net/ast/plugins/js_composer/assets/css/js_composer.min.css?ver=5.1" in HTML "https://www.testhouse.net/"  	[MsgId: MMSG-26659]
Action.c(18): Found resource "https://www.testhouse.net/ast/plugins/jetpack/css/jetpack.css?ver=7.4.1" in HTML "https://www.testhouse.net/"  	[MsgId: MMSG-26659]
Action.c(18): Found resource "https://www.testhouse.net/wp-includes/js/jquery/jquery.js?ver=1.12.4-wp" in HTML "https://www.testhouse.net/"  	[MsgId: MMSG-26659]
Action.c(18): Found resource "https://www.testhouse.net/wp-includes/js/jquery/jquery-migrate.min.js?ver=1.4.1" in HTML "https://www.testhouse.net/"  	[MsgId: MMSG-26659]
Action.c(18): Found resource "https://www.testhouse.net/ast/plugins/cookie-law-info/public/js/cookie-law-info-public.js?ver=1.7.7" in HTML "https://www.testhouse.net/"  	[MsgId: MMSG-26659]
Action.c(18): Found resource "https://www.testhouse.net/ast/plugins/simple-social-buttons/assets/js/front.js?ver=2.1.1" in HTML "https://www.testhouse.net/"  	[MsgId: MMSG-26659]
Action.c(18): Found resource "https://www.googletagmanager.com/gtag/js?id=UA-63459072-1" in HTML "https://www.testhouse.net/"  	[MsgId: MMSG-26659]
Action.c(18): Found resource "https://secure.perk0mean.com/js/170196.js" in HTML "https://www.testhouse.net/"  	[MsgId: MMSG-26659]
Action.c(18): Found resource "https://www.testhouse.net/ast/uploads/2018/08/TesthouseLogo.png" in HTML "https://www.testhouse.net/"  	[MsgId: MMSG-26659]
Action.c(18): Found resource "https://i0.wp.com/www.testhouse.net/ast/uploads/2018/03/banner-logo.png?fit=190%2C30&ssl=1" in HTML "https://www.testhouse.net/"  	[MsgId: MMSG-26659]
Action.c(18): Found resource "https://i2.wp.com/www.testhouse.net/ast/themes/testhouse/images/scrolldown-icon.png?w=840&ssl=1" in HTML "https://www.testhouse.net/"  	[MsgId: MMSG-26659]
Action.c(18): No socket (out of 16) is CURRENTLY available for a regular connection for URL="https://i2.wp.com/www.testhouse.net/ast/themes/testhouse/images/scrolldown-icon.png?w=840&ssl=1"  	[MsgId: MMSG-26000]
Action.c(18): Found resource "https://i1.wp.com/www.testhouse.net/ast/uploads/2018/03/testing-icon.png?fit=90%2C90&ssl=1" in HTML "https://www.testhouse.net/"  	[MsgId: MMSG-26659]
Action.c(18): No socket (out of 16) is CURRENTLY available for a regular connection for URL="https://i1.wp.com/www.testhouse.net/ast/uploads/2018/03/testing-icon.png?fit=90%2C90&ssl=1"  	[MsgId: MMSG-26000]
Action.c(18): Found resource "https://i0.wp.com/www.testhouse.net/ast/uploads/2018/03/microsoft-icon.png?fit=90%2C90&ssl=1" in HTML "https://www.testhouse.net/"  	[MsgId: MMSG-26659]
Action.c(18): No socket (out of 16) is CURRENTLY available for a regular connection for URL="https://i0.wp.com/www.testhouse.net/ast/uploads/2018/03/microsoft-icon.png?fit=90%2C90&ssl=1"  	[MsgId: MMSG-26000]
Action.c(18): Found resource "https://i1.wp.com/www.testhouse.net/ast/uploads/2018/03/devops-icon.png?fit=90%2C90&ssl=1" in HTML "https://www.testhouse.net/"  	[MsgId: MMSG-26659]
Action.c(18): No socket (out of 16) is CURRENTLY available for a regular connection for URL="https://i1.wp.com/www.testhouse.net/ast/uploads/2018/03/devops-icon.png?fit=90%2C90&ssl=1"  	[MsgId: MMSG-26000]
Action.c(18): Found resource "https://i1.wp.com/www.testhouse.net/ast/uploads/2018/03/functional-key.png?fit=26%2C26&ssl=1" in HTML "https://www.testhouse.net/"  	[MsgId: MMSG-26659]
Action.c(18): No socket (out of 16) is CURRENTLY available for a regular connection for URL="https://i1.wp.com/www.testhouse.net/ast/uploads/2018/03/functional-key.png?fit=26%2C26&ssl=1"  	[MsgId: MMSG-26000]
Action.c(18): Found resource "https://i2.wp.com/www.testhouse.net/ast/uploads/2018/03/managed-key.png?fit=26%2C26&ssl=1" in HTML "https://www.testhouse.net/"  	[MsgId: MMSG-26659]
Action.c(18): No socket (out of 16) is CURRENTLY available for a regular connection for URL="https://i2.wp.com/www.testhouse.net/ast/uploads/2018/03/managed-key.png?fit=26%2C26&ssl=1"  	[MsgId: MMSG-26000]
Action.c(18): Found resource "https://i2.wp.com/www.testhouse.net/ast/uploads/2018/03/microsoft-key.png?fit=26%2C25&ssl=1" in HTML "https://www.testhouse.net/"  	[MsgId: MMSG-26659]
Action.c(18): No socket (out of 16) is CURRENTLY available for a regular connection for URL="https://i2.wp.com/www.testhouse.net/ast/uploads/2018/03/microsoft-key.png?fit=26%2C25&ssl=1"  	[MsgId: MMSG-26000]
Action.c(18): Found resource "https://i1.wp.com/www.testhouse.net/ast/uploads/2018/03/performance-key.png?fit=26%2C27&ssl=1" in HTML "https://www.testhouse.net/"  	[MsgId: MMSG-26659]
Action.c(18): No socket (out of 16) is CURRENTLY available for a regular connection for URL="https://i1.wp.com/www.testhouse.net/ast/uploads/2018/03/performance-key.png?fit=26%2C27&ssl=1"  	[MsgId: MMSG-26000]
Action.c(18): Found resource "https://i1.wp.com/www.testhouse.net/ast/uploads/2018/03/mobile-key.png?fit=26%2C26&ssl=1" in HTML "https://www.testhouse.net/"  	[MsgId: MMSG-26659]
Action.c(18): No socket (out of 16) is CURRENTLY available for a regular connection for URL="https://i1.wp.com/www.testhouse.net/ast/uploads/2018/03/mobile-key.png?fit=26%2C26&ssl=1"  	[MsgId: MMSG-26000]
Action.c(18): Found resource "https://i0.wp.com/www.testhouse.net/ast/uploads/2018/03/automation-key.png?fit=26%2C26&ssl=1" in HTML "https://www.testhouse.net/"  	[MsgId: MMSG-26659]
Action.c(18): No socket (out of 16) is CURRENTLY available for a regular connection for URL="https://i0.wp.com/www.testhouse.net/ast/uploads/2018/03/automation-key.png?fit=26%2C26&ssl=1"  	[MsgId: MMSG-26000]
Action.c(18): Found resource "https://i0.wp.com/www.testhouse.net/ast/uploads/2018/03/strategic-key.png?fit=26%2C26&ssl=1" in HTML "https://www.testhouse.net/"  	[MsgId: MMSG-26659]
Action.c(18): No socket (out of 16) is CURRENTLY available for a regular connection for URL="https://i0.wp.com/www.testhouse.net/ast/uploads/2018/03/strategic-key.png?fit=26%2C26&ssl=1"  	[MsgId: MMSG-26000]
Action.c(18): Found resource "https://i0.wp.com/www.testhouse.net/ast/uploads/2018/03/security-key.png?fit=26%2C26&ssl=1" in HTML "https://www.testhouse.net/"  	[MsgId: MMSG-26659]
Action.c(18): No socket (out of 16) is CURRENTLY available for a regular connection for URL="https://i0.wp.com/www.testhouse.net/ast/uploads/2018/03/security-key.png?fit=26%2C26&ssl=1"  	[MsgId: MMSG-26000]
Action.c(18): Found resource "https://i1.wp.com/www.testhouse.net/ast/uploads/2018/03/macbook.png?fit=832%2C555&ssl=1" in HTML "https://www.testhouse.net/"  	[MsgId: MMSG-26659]
Action.c(18): No socket (out of 16) is CURRENTLY available for a regular connection for URL="https://i1.wp.com/www.testhouse.net/ast/uploads/2018/03/macbook.png?fit=832%2C555&ssl=1"  	[MsgId: MMSG-26000]
Action.c(18): Found resource "https://i0.wp.com/www.testhouse.net/ast/uploads/2018/03/study2-e1560840956657.png?fit=250%2C177&ssl=1" in HTML "https://www.testhouse.net/"  	[MsgId: MMSG-26659]
Action.c(18): No socket (out of 16) is CURRENTLY available for a regular connection for URL="https://i0.wp.com/www.testhouse.net/ast/uploads/2018/03/study2-e1560840956657.png?fit=250%2C177&ssl=1"  	[MsgId: MMSG-26000]
Action.c(18): Found resource "https://i0.wp.com/www.testhouse.net/ast/uploads/2018/07/Dovetail-functional-test-automation-case-study-e1560839476958.jpg?fit=268%2C187&ssl=1" in HTML "https://www.testhouse.net/"  	[MsgId: MMSG-26659]
Action.c(18): No socket (out of 16) is CURRENTLY available for a regular connection for URL="https://i0.wp.com/www.testhouse.net/ast/uploads/2018/07/Dovetail-functional-test-automation-case-study-e1560839476958.jpg?fit=268%2C187&ssl=1"  	[MsgId: MMSG-26000]
Action.c(18): Found resource "https://i0.wp.com/www.testhouse.net/ast/uploads/2018/07/BMI-airlines-e1560840670312.png?fit=500%2C350&ssl=1" in HTML "https://www.testhouse.net/"  	[MsgId: MMSG-26659]
Action.c(18): No socket (out of 16) is CURRENTLY available for a regular connection for URL="https://i0.wp.com/www.testhouse.net/ast/uploads/2018/07/BMI-airlines-e1560840670312.png?fit=500%2C350&ssl=1"  	[MsgId: MMSG-26000]
Action.c(18): Found resource "https://i0.wp.com/www.testhouse.net/ast/uploads/2018/03/years-icon.png?fit=90%2C90&ssl=1" in HTML "https://www.testhouse.net/"  	[MsgId: MMSG-26659]
Action.c(18): No socket (out of 16) is CURRENTLY available for a regular connection for URL="https://i0.wp.com/www.testhouse.net/ast/uploads/2018/03/years-icon.png?fit=90%2C90&ssl=1"  	[MsgId: MMSG-26000]
Action.c(18): Found resource "https://i1.wp.com/www.testhouse.net/ast/uploads/2018/04/clients-icon.png?fit=90%2C90&ssl=1" in HTML "https://www.testhouse.net/"  	[MsgId: MMSG-26659]
Action.c(18): No socket (out of 16) is CURRENTLY available for a regular connection for URL="https://i1.wp.com/www.testhouse.net/ast/uploads/2018/04/clients-icon.png?fit=90%2C90&ssl=1"  	[MsgId: MMSG-26000]
Action.c(18): Found resource "https://i0.wp.com/www.testhouse.net/ast/uploads/2018/04/career-icon.png?fit=90%2C90&ssl=1" in HTML "https://www.testhouse.net/"  	[MsgId: MMSG-26659]
Action.c(18): No socket (out of 16) is CURRENTLY available for a regular connection for URL="https://i0.wp.com/www.testhouse.net/ast/uploads/2018/04/career-icon.png?fit=90%2C90&ssl=1"  	[MsgId: MMSG-26000]
Action.c(18): Found resource "https://i2.wp.com/www.testhouse.net/ast/uploads/2018/03/website-icon.png?fit=90%2C90&ssl=1" in HTML "https://www.testhouse.net/"  	[MsgId: MMSG-26659]
Action.c(18): No socket (out of 16) is CURRENTLY available for a regular connection for URL="https://i2.wp.com/www.testhouse.net/ast/uploads/2018/03/website-icon.png?fit=90%2C90&ssl=1"  	[MsgId: MMSG-26000]
Action.c(18): Found resource "https://i2.wp.com/www.testhouse.net/ast/uploads/2018/03/countries-icon.png?fit=90%2C90&ssl=1" in HTML "https://www.testhouse.net/"  	[MsgId: MMSG-26659]
Action.c(18): No socket (out of 16) is CURRENTLY available for a regular connection for URL="https://i2.wp.com/www.testhouse.net/ast/uploads/2018/03/countries-icon.png?fit=90%2C90&ssl=1"  	[MsgId: MMSG-26000]
Action.c(18): Found resource "https://i2.wp.com/www.testhouse.net/ast/uploads/2018/03/client-img1.jpg?fit=150%2C150&ssl=1" in HTML "https://www.testhouse.net/"  	[MsgId: MMSG-26659]
Action.c(18): No socket (out of 16) is CURRENTLY available for a regular connection for URL="https://i2.wp.com/www.testhouse.net/ast/uploads/2018/03/client-img1.jpg?fit=150%2C150&ssl=1"  	[MsgId: MMSG-26000]
Action.c(18): Found resource "https://i0.wp.com/www.testhouse.net/ast/uploads/2018/03/client-img2.jpg?fit=250%2C250&ssl=1" in HTML "https://www.testhouse.net/"  	[MsgId: MMSG-26659]
Action.c(18): No socket (out of 16) is CURRENTLY available for a regular connection for URL="https://i0.wp.com/www.testhouse.net/ast/uploads/2018/03/client-img2.jpg?fit=250%2C250&ssl=1"  	[MsgId: MMSG-26000]
Action.c(18): Found resource "https://i2.wp.com/www.testhouse.net/ast/uploads/2018/07/Testhouse-Software-Testing-Company.png?fit=1366%2C768&ssl=1" in HTML "https://www.testhouse.net/"  	[MsgId: MMSG-26659]
Action.c(18): No socket (out of 16) is CURRENTLY available for a regular connection for URL="https://i2.wp.com/www.testhouse.net/ast/uploads/2018/07/Testhouse-Software-Testing-Company.png?fit=1366%2C768&ssl=1"  	[MsgId: MMSG-26000]
Action.c(18): Found resource "https://i2.wp.com/www.testhouse.net/ast/themes/testhouse/images/video-play-icon.png?w=840&ssl=1" in HTML "https://www.testhouse.net/"  	[MsgId: MMSG-26659]
Action.c(18): No socket (out of 16) is CURRENTLY available for a regular connection for URL="https://i2.wp.com/www.testhouse.net/ast/themes/testhouse/images/video-play-icon.png?w=840&ssl=1"  	[MsgId: MMSG-26000]
Action.c(18): Found resource "https://i1.wp.com/www.testhouse.net/ast/uploads/2018/07/testhouse-wins-queens-award-international-trade-2018-e1532594675670.png?fit=960%2C398&ssl=1" in HTML "https://www.testhouse.net/"  	[MsgId: MMSG-26659]
Action.c(18): No socket (out of 16) is CURRENTLY available for a regular connection for URL="https://i1.wp.com/www.testhouse.net/ast/uploads/2018/07/testhouse-wins-queens-award-international-trade-2018-e1532594675670.png?fit=960%2C398&ssl=1"  	[MsgId: MMSG-26000]
Action.c(18): Found resource "https://i0.wp.com/www.testhouse.net/ast/uploads/2018/03/whitepaper-icon.png?fit=90%2C90&ssl=1" in HTML "https://www.testhouse.net/"  	[MsgId: MMSG-26659]
Action.c(18): No socket (out of 16) is CURRENTLY available for a regular connection for URL="https://i0.wp.com/www.testhouse.net/ast/uploads/2018/03/whitepaper-icon.png?fit=90%2C90&ssl=1"  	[MsgId: MMSG-26000]
Action.c(18): Found resource "https://i0.wp.com/www.testhouse.net/ast/uploads/2018/03/webinar-icon.png?fit=90%2C90&ssl=1" in HTML "https://www.testhouse.net/"  	[MsgId: MMSG-26659]
Action.c(18): No socket (out of 16) is CURRENTLY available for a regular connection for URL="https://i0.wp.com/www.testhouse.net/ast/uploads/2018/03/webinar-icon.png?fit=90%2C90&ssl=1"  	[MsgId: MMSG-26000]
Action.c(18): Found resource "https://i2.wp.com/www.testhouse.net/ast/uploads/2018/03/event-icon.png?fit=90%2C90&ssl=1" in HTML "https://www.testhouse.net/"  	[MsgId: MMSG-26659]
Action.c(18): No socket (out of 16) is CURRENTLY available for a regular connection for URL="https://i2.wp.com/www.testhouse.net/ast/uploads/2018/03/event-icon.png?fit=90%2C90&ssl=1"  	[MsgId: MMSG-26000]
Action.c(18): Found resource "https://platform.twitter.com/widgets.js" in HTML "https://www.testhouse.net/"  	[MsgId: MMSG-26659]
Action.c(18): No socket (out of 16) is CURRENTLY available for a regular connection for URL="https://platform.twitter.com/widgets.js"  	[MsgId: MMSG-26000]
Action.c(18): Found resource "https://i0.wp.com/www.testhouse.net/ast/uploads/2018/08/Middle-East-Bank-Innovation-Summit-2018-Testhouse.png?fit=1470%2C762&ssl=1" in HTML "https://www.testhouse.net/"  	[MsgId: MMSG-26659]
Action.c(18): No socket (out of 16) is CURRENTLY available for a regular connection for URL="https://i0.wp.com/www.testhouse.net/ast/uploads/2018/08/Middle-East-Bank-Innovation-Summit-2018-Testhouse.png?fit=1470%2C762&ssl=1"  	[MsgId: MMSG-26000]
Action.c(18): Found resource "https://i2.wp.com/www.testhouse.net/ast/uploads/2018/06/Testhouse-Queens-Award-International-Trade-Category-2018-Winner-e1560924740286.png?fit=500%2C259&ssl=1" in HTML "https://www.testhouse.net/"  	[MsgId: MMSG-26659]
Action.c(18): No socket (out of 16) is CURRENTLY available for a regular connection for URL="https://i2.wp.com/www.testhouse.net/ast/uploads/2018/06/Testhouse-Queens-Award-International-Trade-Category-2018-Winner-e1560924740286.png?fit=500%2C259&ssl=1"  	[MsgId: MMSG-26000]
Action.c(18): Found resource "https://www.testhouse.net/ast/themes/testhouse/images/contact-form-vector.png" in HTML "https://www.testhouse.net/"  	[MsgId: MMSG-26659]
Action.c(18): Found resource "https://testhouse.activehosted.com/f/embed.php?id=4" in HTML "https://www.testhouse.net/"  	[MsgId: MMSG-26659]
Action.c(18): No socket (out of 16) is CURRENTLY available for a regular connection for URL="https://testhouse.activehosted.com/f/embed.php?id=4"  	[MsgId: MMSG-26000]
Action.c(18): Detected non-resource "https://www.google.com/maps/embed?pb=!1m18!1m12!1m3!1d2483.9345805198623!2d-0.01784668387235579!3d51.49606797963322!2m3!1f0!2f0!3f0!3m2!1i1024!2i768!4f13.1!3m3!1m2!1s0x487602bdaffe5831%3A0x17ca6e879b63590e!2sTesthouse+Limited!5e0!3m2!1sen!2sin!4v1519107844831" in "https://www.testhouse.net/"  	[MsgId: MMSG-26574]
Action.c(18): No socket (out of 16) is CURRENTLY available for a regular connection for URL="https://www.google.com/maps/embed?pb=!1m18!1m12!1m3!1d2483.9345805198623!2d-0.01784668387235579!3d51.49606797963322!2m3!1f0!2f0!3f0!3m2!1i1024!2i768!4f13.1!3m3!1m2!1s0x487602bdaffe5831%3A0x17ca6e879b63590e!2sTesthouse+Limited!5e0!3m2!1sen!2sin!4v1519107844831"  	[MsgId: MMSG-26000]
Action.c(18): Found resource "https://www.testhouse.net/ast/uploads/2018/08/testhouse-footer-logo.png" in HTML "https://www.testhouse.net/"  	[MsgId: MMSG-26659]
Action.c(18): Found resource "https://www.testhouse.net/ast/plugins/jetpack/_inc/build/photon/photon.min.js?ver=20190201" in HTML "https://www.testhouse.net/"  	[MsgId: MMSG-26659]
Action.c(18): Found resource "https://www.testhouse.net/ast/plugins/contact-form-7/includes/js/scripts.js?ver=5.1.3" in HTML "https://www.testhouse.net/"  	[MsgId: MMSG-26659]
Action.c(18): Found resource "https://s0.wp.com/wp-content/js/devicepx-jetpack.js?ver=201925" in HTML "https://www.testhouse.net/"  	[MsgId: MMSG-26659]
Action.c(18): No socket (out of 16) is CURRENTLY available for a regular connection for URL="https://s0.wp.com/wp-content/js/devicepx-jetpack.js?ver=201925"  	[MsgId: MMSG-26000]
Action.c(18): Found resource "https://www.testhouse.net/ast/plugins/ithemes-security-pro/core/modules/wordpress-tweaks/js/blankshield/blankshield.min.js?ver=4079" in HTML "https://www.testhouse.net/"  	[MsgId: MMSG-26659]
Action.c(18): Found resource "https://www.testhouse.net/ast/plugins/ithemes-security-pro/core/modules/wordpress-tweaks/js/block-tabnapping.js?ver=4079" in HTML "https://www.testhouse.net/"  	[MsgId: MMSG-26659]
Action.c(18): Found resource "https://secure.gravatar.com/js/gprofiles.js?ver=2019Junaa" in HTML "https://www.testhouse.net/"  	[MsgId: MMSG-26659]
Action.c(18): No socket (out of 16) is CURRENTLY available for a regular connection for URL="https://secure.gravatar.com/js/gprofiles.js?ver=2019Junaa"  	[MsgId: MMSG-26000]
Action.c(18): Found resource "https://www.testhouse.net/ast/plugins/jetpack/modules/wpgroho.js?ver=5.2.2" in HTML "https://www.testhouse.net/"  	[MsgId: MMSG-26659]
Action.c(18): Found resource "https://www.testhouse.net/ast/themes/testhouse/js/skip-link-focus-fix.js?ver=20160816" in HTML "https://www.testhouse.net/"  	[MsgId: MMSG-26659]
Action.c(18): Found resource "https://www.testhouse.net/ast/themes/testhouse/js/functions.js?ver=2016081" in HTML "https://www.testhouse.net/"  	[MsgId: MMSG-26659]
Action.c(18): Found resource "https://www.testhouse.net/ast/themes/testhouse/js/jquery-1.11.2.js?ver=20160816" in HTML "https://www.testhouse.net/"  	[MsgId: MMSG-26659]
Action.c(18): Found resource "https://www.testhouse.net/ast/themes/testhouse/js/jquery-ui.js?ver=20160816" in HTML "https://www.testhouse.net/"  	[MsgId: MMSG-26659]
Action.c(18): Found resource "https://www.testhouse.net/ast/themes/testhouse/js/wow.js?ver=20160816" in HTML "https://www.testhouse.net/"  	[MsgId: MMSG-26659]
Action.c(18): Found resource "https://www.testhouse.net/ast/themes/testhouse/js/jquery.fancybox.js?ver=20160816" in HTML "https://www.testhouse.net/"  	[MsgId: MMSG-26659]
Action.c(18): Found resource "https://www.testhouse.net/ast/themes/testhouse/js/bootstrap.js?ver=20160816" in HTML "https://www.testhouse.net/"  	[MsgId: MMSG-26659]
Action.c(18): Found resource "https://www.testhouse.net/ast/themes/testhouse/js/slick.js?ver=20160816" in HTML "https://www.testhouse.net/"  	[MsgId: MMSG-26659]
Action.c(18): Found resource "https://www.testhouse.net/ast/themes/testhouse/js/typed.min.js?ver=20160816" in HTML "https://www.testhouse.net/"  	[MsgId: MMSG-26659]
Action.c(18): Found resource "https://www.testhouse.net/ast/themes/testhouse/js/typedemo.js?ver=20160816" in HTML "https://www.testhouse.net/"  	[MsgId: MMSG-26659]
Action.c(18): Found resource "https://www.testhouse.net/ast/themes/testhouse/js/jquery.masonarygrid.js?ver=2016081" in HTML "https://www.testhouse.net/"  	[MsgId: MMSG-26659]
Action.c(18): Found resource "https://www.testhouse.net/ast/themes/testhouse/js/smk-accordion.js?ver=20160816" in HTML "https://www.testhouse.net/"  	[MsgId: MMSG-26659]
Action.c(18): Found resource "https://www.testhouse.net/ast/themes/testhouse/js/function.js?ver=20160816" in HTML "https://www.testhouse.net/"  	[MsgId: MMSG-26659]
Action.c(18): Found resource "https://www.testhouse.net/ast/themes/testhouse/js/custom.js?ver=20160816" in HTML "https://www.testhouse.net/"  	[MsgId: MMSG-26659]
Action.c(18): Found resource "https://www.testhouse.net/ast/plugins/google-calendar-events/assets/js/vendor/jquery.qtip.min.js?ver=3.1.22" in HTML "https://www.testhouse.net/"  	[MsgId: MMSG-26659]
Action.c(18): Found resource "https://www.testhouse.net/ast/plugins/google-calendar-events/assets/js/vendor/moment.min.js?ver=3.1.22" in HTML "https://www.testhouse.net/"  	[MsgId: MMSG-26659]
Action.c(18): Found resource "https://www.testhouse.net/ast/plugins/google-calendar-events/assets/js/vendor/moment-timezone-with-data.min.js?ver=3.1.22" in HTML "https://www.testhouse.net/"  	[MsgId: MMSG-26659]
Action.c(18): Found resource "https://www.testhouse.net/ast/plugins/google-calendar-events/assets/js/default-calendar.min.js?ver=3.1.22" in HTML "https://www.testhouse.net/"  	[MsgId: MMSG-26659]
Action.c(18): Found resource "https://www.testhouse.net/ast/plugins/jetpack/_inc/build/lazy-images/js/lazy-images.min.js?ver=7.4.1" in HTML "https://www.testhouse.net/"  	[MsgId: MMSG-26659]
Action.c(18): Found resource "https://www.testhouse.net/ast/plugins/google-calendar-events/assets/js/vendor/imagesloaded.pkgd.min.js?ver=3.1.22" in HTML "https://www.testhouse.net/"  	[MsgId: MMSG-26659]
Action.c(18): Found resource "https://www.testhouse.net/wp-includes/js/wp-embed.min.js?ver=5.2.2" in HTML "https://www.testhouse.net/"  	[MsgId: MMSG-26659]
Action.c(18): Found resource "https://stats.wp.com/e-201925.js" in HTML "https://www.testhouse.net/"  	[MsgId: MMSG-26659]
Action.c(18): No socket (out of 16) is CURRENTLY available for a regular connection for URL="https://stats.wp.com/e-201925.js"  	[MsgId: MMSG-26000]
Action.c(18): Warning -26604: Unsupported "Content-Encoding"  	[MsgId: MWAR-26604]
Action.c(18): Warning -26604: Unsupported "Content-Encoding"  	[MsgId: MWAR-26604]
Action.c(18): Warning -26604: Unsupported "Content-Encoding"  	[MsgId: MWAR-26604]
Action.c(18): Warning -26604: Unsupported "Content-Encoding"  	[MsgId: MWAR-26604]
Action.c(18): No socket (out of 16) is CURRENTLY available for a regular connection for URL="https://i2.wp.com/www.testhouse.net/ast/uploads/2018/03/website-icon.png?fit=90%2C90&ssl=1"  	[MsgId: MMSG-26000]
Action.c(18): No socket (out of 16) is CURRENTLY available for a regular connection for URL="https://i2.wp.com/www.testhouse.net/ast/uploads/2018/03/countries-icon.png?fit=90%2C90&ssl=1"  	[MsgId: MMSG-26000]
Action.c(18): No socket (out of 16) is CURRENTLY available for a regular connection for URL="https://i2.wp.com/www.testhouse.net/ast/uploads/2018/03/client-img1.jpg?fit=150%2C150&ssl=1"  	[MsgId: MMSG-26000]
Action.c(18): No socket (out of 16) is CURRENTLY available for a regular connection for URL="https://i2.wp.com/www.testhouse.net/ast/uploads/2018/07/Testhouse-Software-Testing-Company.png?fit=1366%2C768&ssl=1"  	[MsgId: MMSG-26000]
Action.c(18): No socket (out of 16) is CURRENTLY available for a regular connection for URL="https://i2.wp.com/www.testhouse.net/ast/themes/testhouse/images/video-play-icon.png?w=840&ssl=1"  	[MsgId: MMSG-26000]
Action.c(18): No socket (out of 16) is CURRENTLY available for a regular connection for URL="https://i2.wp.com/www.testhouse.net/ast/uploads/2018/03/event-icon.png?fit=90%2C90&ssl=1"  	[MsgId: MMSG-26000]
Action.c(18): No socket (out of 16) is CURRENTLY available for a regular connection for URL="https://platform.twitter.com/widgets.js"  	[MsgId: MMSG-26000]
Action.c(18): No socket (out of 16) is CURRENTLY available for a regular connection for URL="https://i2.wp.com/www.testhouse.net/ast/uploads/2018/06/Testhouse-Queens-Award-International-Trade-Category-2018-Winner-e1560924740286.png?fit=500%2C259&ssl=1"  	[MsgId: MMSG-26000]
Action.c(18): No socket (out of 16) is CURRENTLY available for a regular connection for URL="https://testhouse.activehosted.com/f/embed.php?id=4"  	[MsgId: MMSG-26000]
Action.c(18): No socket (out of 16) is CURRENTLY available for a regular connection for URL="https://www.google.com/maps/embed?pb=!1m18!1m12!1m3!1d2483.9345805198623!2d-0.01784668387235579!3d51.49606797963322!2m3!1f0!2f0!3f0!3m2!1i1024!2i768!4f13.1!3m3!1m2!1s0x487602bdaffe5831%3A0x17ca6e879b63590e!2sTesthouse+Limited!5e0!3m2!1sen!2sin!4v1519107844831"  	[MsgId: MMSG-26000]
Action.c(18): No socket (out of 16) is CURRENTLY available for a regular connection for URL="https://s0.wp.com/wp-content/js/devicepx-jetpack.js?ver=201925"  	[MsgId: MMSG-26000]
Action.c(18): Found resource "https://maps.googleapis.com/maps/api/js?client=google-maps-embed&paint_origin=&libraries=geometry,search&v=3.exp&language=en_US&region=in" in HTML "https://www.google.com/maps/embed?pb=!1m18!1m12!1m3!1d2483.9345805198623!2d-0.01784668387235579!3d51.49606797963322!2m3!1f0!2f0!3f0!3m2!1i1024!2i768!4f13.1!3m3!1m2!1s0x487602bdaffe5831%3A0x17ca6e879b63590e!2sTesthouse+Limited!5e0!3m2!1sen!2sin!4v1519107844831"  	[MsgId: MMSG-26659]
Action.c(18): Found resource "https://maps.gstatic.com/maps-api-v3/embed/js/37/5/init_embed.js" in HTML "https://www.google.com/maps/embed?pb=!1m18!1m12!1m3!1d2483.9345805198623!2d-0.01784668387235579!3d51.49606797963322!2m3!1f0!2f0!3f0!3m2!1i1024!2i768!4f13.1!3m3!1m2!1s0x487602bdaffe5831%3A0x17ca6e879b63590e!2sTesthouse+Limited!5e0!3m2!1sen!2sin!4v1519107844831"  	[MsgId: MMSG-26659]
Action.c(18): web_url("www.testhouse.net") highest severity level was "warning", 2079340 body bytes, 43670 header bytes, 24 chunking overhead bytes  	[MsgId: MMSG-26387]
Action.c(55): web_add_header("chrome-proxy") started  	[MsgId: MMSG-26355]
Action.c(55): web_add_header("chrome-proxy") was successful  	[MsgId: MMSG-26392]
Action.c(66): web_stream_open started  	[MsgId: MMSG-26355]
Action.c(66): Stream "https://www.testhouse.net/ast/themes/testhouse/images/bg-video.mp4"  	[MsgId: MMSG-35157]
Action.c(66): web_stream_open was successful  	[MsgId: MMSG-26392]
Action.c(68): web_stream_close started  	[MsgId: MMSG-26355]
Action.c(68): web_stream_close was successful  	[MsgId: MMSG-26392]
Action.c(70): web_add_header("Origin") started  	[MsgId: MMSG-26355]
Action.c(70): web_add_header("Origin") was successful  	[MsgId: MMSG-26392]
Ending action Action.
Warning -26671: Pending "web_add_header" detected and reset at the end of iteration number 1  	[MsgId: MWAR-26671]
Ending iteration 1.
Ending Vuser...
Starting action vuser_end.
Ending action vuser_end.
Vuser Terminated.
